<?xml version="1.0" encoding="UTF-8"?>
<!-- Generated by org.testng.reporters.JUnitXMLReporter -->
<testsuite hostname="DESKTOP-A6VJE5V" ignored="0" name="Command line test" tests="3" failures="0" timestamp="2020-04-21T16:11:43 IST" time="0.07" errors="0">
  <testcase name="openBrowser" time="0.006" classname="com.tests.AppiumTest"/>
  <testcase name="doLogin" time="0.001" classname="com.tests.SeleniumTest"/>
  <testcase name="userRegistration" time="0.0" classname="com.tests.SeleniumTest"/>
</testsuite> <!-- Command line test -->
