<?xml version="1.0" encoding="UTF-8"?>
<!-- Generated by org.testng.reporters.JUnitXMLReporter -->
<testsuite hostname="DESKTOP-A6VJE5V" ignored="0" name="Test" tests="3" failures="0" timestamp="2020-04-12T12:54:01 IST" time="0.058" errors="0">
  <testcase name="doLogin" time="0.004" classname="com.tests.SeleniumTest"/>
  <testcase name="userRegistration" time="0.0" classname="com.tests.SeleniumTest"/>
  <testcase name="openBrowser" time="0.0" classname="com.tests.AppiumTest"/>
</testsuite> <!-- Test -->
