<?xml version="1.0" encoding="UTF-8"?>
<testng-results skipped="0" failed="0" ignored="0" total="3" passed="3">
  <reporter-output>
  </reporter-output>
  <suite name="Command line suite" duration-ms="70" started-at="2020-04-21T16:11:43 IST" finished-at="2020-04-21T16:11:43 IST">
    <groups>
    </groups>
    <test name="Command line test" duration-ms="70" started-at="2020-04-21T16:11:43 IST" finished-at="2020-04-21T16:11:43 IST">
      <class name="com.tests.SeleniumTest">
        <test-method status="PASS" signature="doLogin()[pri:0, instance:com.tests.SeleniumTest@26be92ad]" name="doLogin" duration-ms="1" started-at="2020-04-21T16:11:43 IST" finished-at="2020-04-21T16:11:43 IST">
          <reporter-output>
          </reporter-output>
        </test-method> <!-- doLogin -->
        <test-method status="PASS" signature="userRegistration()[pri:0, instance:com.tests.SeleniumTest@26be92ad]" name="userRegistration" duration-ms="0" started-at="2020-04-21T16:11:43 IST" finished-at="2020-04-21T16:11:43 IST">
          <reporter-output>
          </reporter-output>
        </test-method> <!-- userRegistration -->
      </class> <!-- com.tests.SeleniumTest -->
      <class name="com.tests.AppiumTest">
        <test-method status="PASS" signature="openBrowser()[pri:0, instance:com.tests.AppiumTest@1d057a39]" name="openBrowser" duration-ms="6" started-at="2020-04-21T16:11:43 IST" finished-at="2020-04-21T16:11:43 IST">
          <reporter-output>
          </reporter-output>
        </test-method> <!-- openBrowser -->
      </class> <!-- com.tests.AppiumTest -->
    </test> <!-- Command line test -->
  </suite> <!-- Command line suite -->
</testng-results>
